0 info it worked if it ends with ok
1 verbose cli [ '/Users/kenwheeler/.nvm/versions/node/v5.4.0/bin/node',
1 verbose cli   '/Users/kenwheeler/.nvm/versions/node/v5.4.0/bin/npm',
1 verbose cli   'start' ]
2 info using npm@3.9.2
3 info using node@v5.4.0
4 verbose run-script [ 'prestart', 'start', 'poststart' ]
5 info lifecycle spectacle-editor-viewer@0.0.1~prestart: spectacle-editor-viewer@0.0.1
6 silly lifecycle spectacle-editor-viewer@0.0.1~prestart: no script for prestart, continuing
7 info lifecycle spectacle-editor-viewer@0.0.1~start: spectacle-editor-viewer@0.0.1
8 verbose lifecycle spectacle-editor-viewer@0.0.1~start: unsafe-perm in lifecycle true
9 verbose lifecycle spectacle-editor-viewer@0.0.1~start: PATH: /Users/kenwheeler/.nvm/versions/node/v5.4.0/lib/node_modules/npm/bin/node-gyp-bin:/Users/kenwheeler/Projects/Formidable/spectacle-editor-viewer/node_modules/.bin:/Users/kenwheeler/.nvm/versions/node/v5.4.0/bin:/Users/kenwheeler/.opam/4.02.3/bin:/Users/kenwheeler/.nvm/versions/node/v5.4.0/bin:/Users/kenwheeler/local/bin:/Users/kenwheeler/local/bin:/usr/local/bin:/usr/bin:/bin:/usr/sbin:/sbin
10 verbose lifecycle spectacle-editor-viewer@0.0.1~start: CWD: /Users/kenwheeler/Projects/Formidable/spectacle-editor-viewer
11 silly lifecycle spectacle-editor-viewer@0.0.1~start: Args: [ '-c', 'node server.js' ]
12 silly lifecycle spectacle-editor-viewer@0.0.1~start: Returned: code: 1  signal: null
13 info lifecycle spectacle-editor-viewer@0.0.1~start: Failed to exec start script
14 verbose stack Error: spectacle-editor-viewer@0.0.1 start: `node server.js`
14 verbose stack Exit status 1
14 verbose stack     at EventEmitter.<anonymous> (/Users/kenwheeler/.nvm/versions/node/v5.4.0/lib/node_modules/npm/lib/utils/lifecycle.js:245:16)
14 verbose stack     at emitTwo (events.js:87:13)
14 verbose stack     at EventEmitter.emit (events.js:172:7)
14 verbose stack     at ChildProcess.<anonymous> (/Users/kenwheeler/.nvm/versions/node/v5.4.0/lib/node_modules/npm/lib/utils/spawn.js:24:14)
14 verbose stack     at emitTwo (events.js:87:13)
14 verbose stack     at ChildProcess.emit (events.js:172:7)
14 verbose stack     at maybeClose (internal/child_process.js:821:16)
14 verbose stack     at Process.ChildProcess._handle.onexit (internal/child_process.js:211:5)
15 verbose pkgid spectacle-editor-viewer@0.0.1
16 verbose cwd /Users/kenwheeler/Projects/Formidable/spectacle-editor-viewer
17 error Darwin 15.5.0
18 error argv "/Users/kenwheeler/.nvm/versions/node/v5.4.0/bin/node" "/Users/kenwheeler/.nvm/versions/node/v5.4.0/bin/npm" "start"
19 error node v5.4.0
20 error npm  v3.9.2
21 error code ELIFECYCLE
22 error spectacle-editor-viewer@0.0.1 start: `node server.js`
22 error Exit status 1
23 error Failed at the spectacle-editor-viewer@0.0.1 start script 'node server.js'.
23 error Make sure you have the latest version of node.js and npm installed.
23 error If you do, this is most likely a problem with the spectacle-editor-viewer package,
23 error not with npm itself.
23 error Tell the author that this fails on your system:
23 error     node server.js
23 error You can get information on how to open an issue for this project with:
23 error     npm bugs spectacle-editor-viewer
23 error Or if that isn't available, you can get their info via:
23 error     npm owner ls spectacle-editor-viewer
23 error There is likely additional logging output above.
24 verbose exit [ 1, true ]
